<?xml version="1.0" encoding="UTF-8"?>
<testsuite xmlns:xsi="http://www.w3.org/2001/XMLSchema-instance" xsi:noNamespaceSchemaLocation="https://maven.apache.org/surefire/maven-surefire-plugin/xsd/surefire-test-report-3.0.xsd" version="3.0" name="com.pizzaria.service.AuthServiceTest" time="0.149" tests="6" errors="0" skipped="0" failures="0">
  <properties>
[...]
</properties>
  <testcase name="login_shouldRegisterFailureOnBadCredentials" classname="com.pizzaria.service.AuthServiceTest" time="0.124"/>
  <testcase name="refreshToken_shouldThrowWhenTokenIsBlocklisted" classname="com.pizzaria.service.AuthServiceTest" time="0.004"/>
  <testcase name="refreshToken_shouldThrowWhenTokenIsNotRefreshType" classname="com.pizzaria.service.AuthServiceTest" time="0.003"/>
  <testcase name="refreshToken_shouldReturnNewTokenPair" classname="com.pizzaria.service.AuthServiceTest" time="0.007"/>
  <testcase name="login_shouldReturnTokensOnSuccess" classname="com.pizzaria.service.AuthServiceTest" time="0.004"/>
  <testcase name="logout_shouldAddTokenToBlocklist" classname="com.pizzaria.service.AuthServiceTest" time="0.003"/>
</testsuite>