<?xml version="1.0" encoding="UTF-8"?>
<testsuite xmlns:xsi="http://www.w3.org/2001/XMLSchema-instance" xsi:noNamespaceSchemaLocation="https://maven.apache.org/surefire/maven-surefire-plugin/xsd/surefire-test-report-3.0.xsd" version="3.0" name="com.pizzaria.controller.AuthControllerTest" time="0.923" tests="3" errors="0" skipped="0" failures="0">
  <properties>
[...]
</properties>
  <testcase name="logout_shouldReturnNoContent" classname="com.pizzaria.controller.AuthControllerTest" time="0.019">
    <system-out><![CDATA[2026-05-29T09:32:52.847-03:00  INFO 27433 --- [cardapio] [           main] t.c.s.AnnotationConfigContextLoaderUtils : Could not detect default configuration classes for test class [com.pizzaria.controller.AuthControllerTest]: AuthControllerTest does not declare any static, non-private, non-final, nested classes annotated with @Configuration.
2026-05-29T09:32:52.849-03:00  INFO 27433 --- [cardapio] [           main] .b.t.c.SpringBootTestContextBootstrapper : Found @SpringBootConfiguration com.pizzaria.PizzariaApplication for test class com.pizzaria.controller.AuthControllerTest

  .   ____          _            __ _ _
 /\\ / ___'_ __ _ _(_)_ __  __ _ \ \ \ \
( ( )\___ | '_ | '_| | '_ \/ _` | \ \ \ \
 \\/  ___)| |_)| | | | | || (_| |  ) ) ) )
  '  |____| .__|_| |_|_| |_\__, | / / / /
 =========|_|==============|___/=/_/_/_/

 :: Spring Boot ::                (v3.3.5)

2026-05-29T09:32:52.871-03:00  INFO 27433 --- [cardapio] [           main] c.p.controller.AuthControllerTest        : Starting AuthControllerTest using Java 21.0.11 with PID 27433 (started by matheus in /home/matheus/IdeaProjects/Cardapio)
2026-05-29T09:32:52.872-03:00  INFO 27433 --- [cardapio] [           main] c.p.controller.AuthControllerTest        : The following 1 profile is active: "test"
2026-05-29T09:32:53.021-03:00  INFO 27433 --- [cardapio] [           main] .s.d.r.c.RepositoryConfigurationDelegate : Multiple Spring Data modules found, entering strict repository configuration mode
2026-05-29T09:32:53.021-03:00  INFO 27433 --- [cardapio] [           main] .s.d.r.c.RepositoryConfigurationDelegate : Bootstrapping Spring Data JPA repositories in DEFAULT mode.
2026-05-29T09:32:53.028-03:00  INFO 27433 --- [cardapio] [           main] .s.d.r.c.RepositoryConfigurationDelegate : Finished Spring Data repository scanning in 7 ms. Found 2 JPA repository interfaces.
2026-05-29T09:32:53.031-03:00  INFO 27433 --- [cardapio] [           main] .s.d.r.c.RepositoryConfigurationDelegate : Multiple Spring Data modules found, entering strict repository configuration mode
2026-05-29T09:32:53.031-03:00  INFO 27433 --- [cardapio] [           main] .s.d.r.c.RepositoryConfigurationDelegate : Bootstrapping Spring Data Redis repositories in DEFAULT mode.
2026-05-29T09:32:53.034-03:00  INFO 27433 --- [cardapio] [           main] .RepositoryConfigurationExtensionSupport : Spring Data Redis - Could not safely identify store assignment for repository candidate interface com.pizzaria.repository.PizzaRepository; If you want this repository to be a Redis repository, consider annotating your entities with one of these annotations: org.springframework.data.redis.core.RedisHash (preferred), or consider extending one of the following types with your repository: org.springframework.data.keyvalue.repository.KeyValueRepository
2026-05-29T09:32:53.034-03:00  INFO 27433 --- [cardapio] [           main] .RepositoryConfigurationExtensionSupport : Spring Data Redis - Could not safely identify store assignment for repository candidate interface com.pizzaria.repository.UsuarioRepository; If you want this repository to be a Redis repository, consider annotating your entities with one of these annotations: org.springframework.data.redis.core.RedisHash (preferred), or consider extending one of the following types with your repository: org.springframework.data.keyvalue.repository.KeyValueRepository
2026-05-29T09:32:53.034-03:00  INFO 27433 --- [cardapio] [           main] .s.d.r.c.RepositoryConfigurationDelegate : Finished Spring Data repository scanning in 2 ms. Found 0 Redis repository interfaces.
2026-05-29T09:32:53.160-03:00  INFO 27433 --- [cardapio] [           main] o.s.b.w.embedded.tomcat.TomcatWebServer  : Tomcat initialized with port 0 (http)
2026-05-29T09:32:53.161-03:00  INFO 27433 --- [cardapio] [           main] o.apache.catalina.core.StandardService   : Starting service [Tomcat]
2026-05-29T09:32:53.161-03:00  INFO 27433 --- [cardapio] [           main] o.apache.catalina.core.StandardEngine    : Starting Servlet engine: [Apache Tomcat/10.1.31]
2026-05-29T09:32:53.172-03:00  INFO 27433 --- [cardapio] [           main] o.a.c.c.C.[Tomcat-2].[localhost].[/]     : Initializing Spring embedded WebApplicationContext
2026-05-29T09:32:53.172-03:00  INFO 27433 --- [cardapio] [           main] w.s.c.ServletWebServerApplicationContext : Root WebApplicationContext: initialization completed in 299 ms
2026-05-29T09:32:53.184-03:00  INFO 27433 --- [cardapio] [           main] com.zaxxer.hikari.HikariDataSource       : HikariPool-3 - Starting...
2026-05-29T09:32:53.185-03:00  INFO 27433 --- [cardapio] [           main] com.zaxxer.hikari.pool.HikariPool        : HikariPool-3 - Added connection conn20: url=jdbc:h2:mem:testdb user=SA
2026-05-29T09:32:53.185-03:00  INFO 27433 --- [cardapio] [           main] com.zaxxer.hikari.HikariDataSource       : HikariPool-3 - Start completed.
2026-05-29T09:32:53.185-03:00  INFO 27433 --- [cardapio] [           main] o.s.b.a.h2.H2ConsoleAutoConfiguration    : H2 console available at '/h2-console'. Database available at 'jdbc:h2:mem:testdb'
2026-05-29T09:32:53.240-03:00  INFO 27433 --- [cardapio] [           main] o.hibernate.jpa.internal.util.LogHelper  : HHH000204: Processing PersistenceUnitInfo [name: default]
2026-05-29T09:32:53.241-03:00  INFO 27433 --- [cardapio] [           main] o.h.c.internal.RegionFactoryInitiator    : HHH000026: Second-level cache disabled
2026-05-29T09:32:53.246-03:00  INFO 27433 --- [cardapio] [           main] o.s.o.j.p.SpringPersistenceUnitInfo      : No LoadTimeWeaver setup: ignoring JPA class transformer
2026-05-29T09:32:53.300-03:00  INFO 27433 --- [cardapio] [           main] o.h.e.t.j.p.i.JtaPlatformInitiator       : HHH000489: No JTA platform available (set 'hibernate.transaction.jta.platform' to enable JTA platform integration)
2026-05-29T09:32:53.307-03:00  INFO 27433 --- [cardapio] [           main] j.LocalContainerEntityManagerFactoryBean : Initialized JPA EntityManagerFactory for persistence unit 'default'
2026-05-29T09:32:53.377-03:00  WARN 27433 --- [cardapio] [           main] JpaBaseConfiguration$JpaWebConfiguration : spring.jpa.open-in-view is enabled by default. Therefore, database queries may be performed during view rendering. Explicitly configure spring.jpa.open-in-view to disable this warning
2026-05-29T09:32:53.384-03:00  INFO 27433 --- [cardapio] [           main] eAuthenticationProviderManagerConfigurer : Global AuthenticationManager configured with AuthenticationProvider bean with name authenticationProvider
2026-05-29T09:32:53.384-03:00  WARN 27433 --- [cardapio] [           main] r$InitializeUserDetailsManagerConfigurer : Global AuthenticationManager configured with an AuthenticationProvider bean. UserDetailsService beans will not be used for username/password login. Consider removing the AuthenticationProvider bean. Alternatively, consider using the UserDetailsService in a manually instantiated DaoAuthenticationProvider.
2026-05-29T09:32:53.535-03:00  INFO 27433 --- [cardapio] [           main] o.s.b.w.embedded.tomcat.TomcatWebServer  : Tomcat started on port 37505 (http) with context path '/'
2026-05-29T09:32:53.538-03:00  INFO 27433 --- [cardapio] [           main] c.p.controller.AuthControllerTest        : Started AuthControllerTest in 0.686 seconds (process running for 10.45)
2026-05-29T09:32:53.668-03:00  INFO 27433 --- [cardapio] [o-auto-3-exec-1] o.a.c.c.C.[Tomcat-2].[localhost].[/]     : Initializing Spring DispatcherServlet 'dispatcherServlet'
2026-05-29T09:32:53.669-03:00  INFO 27433 --- [cardapio] [o-auto-3-exec-1] o.s.web.servlet.DispatcherServlet        : Initializing Servlet 'dispatcherServlet'
2026-05-29T09:32:53.670-03:00  INFO 27433 --- [cardapio] [o-auto-3-exec-1] o.s.web.servlet.DispatcherServlet        : Completed initialization in 1 ms
]]></system-out>
  </testcase>
  <testcase name="login_shouldReturnTokens" classname="com.pizzaria.controller.AuthControllerTest" time="0.069"/>
  <testcase name="refresh_shouldReturnNewTokens" classname="com.pizzaria.controller.AuthControllerTest" time="0.02"/>
</testsuite>